<?xml version="1.0" encoding="UTF-8"?>
<!-- Generated by org.testng.reporters.JUnitReportReporter -->
<testsuite hostname="vishal" failures="0" tests="2" name="day30.Demo4" time="0.010" errors="0" timestamp="2023-01-07T21:38:39 IST" skipped="0">
  <testcase classname="day30.Demo4" name="deleteUser" time="0.002"/>
  <system-out>
    <![CDATA[deleteUser]]>
  </system-out>
  <testcase classname="day30.Demo4" name="registerUser" time="0.008"/>
  <system-out>
    <![CDATA[registerUser]]>
  </system-out>
</testsuite> <!-- day30.Demo4 -->
