<?xml version="1.0" encoding="UTF-8"?>
<!-- Generated by org.testng.reporters.JUnitReportReporter -->
<testsuite hostname="vishal" failures="0" tests="3" name="day29.Demo5" time="0.008" errors="0" timestamp="2023-02-03T12:20:08 IST" skipped="0">
  <testcase classname="day29.Demo5" name="createUser" time="0.001"/>
  <system-out>
    <![CDATA[Create User:123]]>
  </system-out>
  <testcase classname="day29.Demo5" name="createUser" time="0.006"/>
  <system-out>
    <![CDATA[Create User:arjun]]>
  </system-out>
  <testcase classname="day29.Demo5" name="createUser" time="0.001"/>
  <system-out>
    <![CDATA[Create User:true]]>
  </system-out>
</testsuite> <!-- day29.Demo5 -->
