<?xml version="1.0" encoding="UTF-8"?>
<!-- Generated by org.testng.reporters.JUnitReportReporter -->
<testsuite hostname="vishal" failures="0" tests="1" name="day30.Demo1" time="16.105" errors="0" timestamp="2023-01-07T21:25:24 IST" skipped="0">
  <testcase classname="day30.Demo1" name="testLoginPage" time="16.105"/>
  <system-out>
    <![CDATA[actualTitle:actiTIME - Login
expectedTitle:actiTIME - Login]]>
  </system-out>
</testsuite> <!-- day30.Demo1 -->
