<?xml version="1.0" encoding="UTF-8"?>
<!-- Generated by org.testng.reporters.JUnitReportReporter -->
<testsuite hostname="vishal" failures="0" tests="3" name="day29.Demo4" time="0.010" errors="0" timestamp="2023-02-03T12:18:53 IST" skipped="0">
  <testcase classname="day29.Demo4" name="registerUser" time="0.007"/>
  <system-out>
    <![CDATA[registerUser]]>
  </system-out>
  <testcase classname="day29.Demo4" name="editUser" time="0.002"/>
  <system-out>
    <![CDATA[editUser]]>
  </system-out>
  <testcase classname="day29.Demo4" name="deleteUser" time="0.001"/>
  <system-out>
    <![CDATA[deleteUser]]>
  </system-out>
</testsuite> <!-- day29.Demo4 -->
