<?xml version="1.0" encoding="UTF-8"?>
<!-- Generated by org.testng.reporters.JUnitReportReporter -->
<testsuite hostname="vishal" failures="0" tests="1" name="day30.Demo3" time="8.039" errors="0" timestamp="2023-01-08T09:01:55 IST" skipped="0">
  <testcase classname="day30.Demo3" name="testLoginPage" time="8.039"/>
  <system-out>
    <![CDATA[Start of testLoginPage
actualTitle:Google
expectedTitle:Boogle
End of testLoginPage]]>
  </system-out>
</testsuite> <!-- day30.Demo3 -->
