<?xml version="1.0" encoding="UTF-8"?>
<!-- Generated by org.testng.reporters.JUnitReportReporter -->
<testsuite hostname="vishal" failures="0" tests="1" name="day29.Demo2" time="0.006" errors="0" timestamp="2023-02-03T12:18:05 IST" skipped="0">
  <testcase classname="day29.Demo2" name="test2" time="0.006"/>
  <system-out>
    <![CDATA[my test2 in html only
my test2 in only html
my test2 in both html & console]]>
  </system-out>
</testsuite> <!-- day29.Demo2 -->
