<?xml version="1.0" encoding="UTF-8"?>
<!-- Generated by org.testng.reporters.JUnitReportReporter -->
<testsuite hostname="vishal" failures="0" tests="1" name="day31.Demo2" time="0.014" errors="0" timestamp="2023-01-08T09:35:25 IST" skipped="0">
  <testcase classname="day31.Demo2" name="testB" time="0.014"/>
  <system-out>
    <![CDATA[test B]]>
  </system-out>
</testsuite> <!-- day31.Demo2 -->
