<?xml version="1.0" encoding="UTF-8"?>
<!-- Generated by org.testng.reporters.JUnitReportReporter -->
<testsuite hostname="vishal" failures="0" tests="2" name="day29.Demo6" time="0.017" errors="0" timestamp="2023-02-03T12:22:04 IST" skipped="0">
  <testcase classname="day29.Demo6" name="createUser" time="0.009"/>
  <system-out>
    <![CDATA[--create user]]>
  </system-out>
  <testcase classname="day29.Demo6" name="deleteUser" time="0.008"/>
  <system-out>
    <![CDATA[delete user]]>
  </system-out>
</testsuite> <!-- day29.Demo6 -->
