<?xml version="1.0" encoding="UTF-8"?>
<!-- Generated by org.testng.reporters.JUnitReportReporter -->
<testsuite hostname="vishal" failures="0" tests="9" name="day30.ActiTIME" time="0.034" errors="0" timestamp="2023-01-07T21:19:09 IST" skipped="0">
  <testcase classname="day30.ActiTIME" name="editCustomer" time="0.003"/>
  <system-out>
    <![CDATA[editCustomer]]>
  </system-out>
  <testcase classname="day30.ActiTIME" name="deleteUser" time="0.009"/>
  <system-out>
    <![CDATA[deleteUser]]>
  </system-out>
  <testcase classname="day30.ActiTIME" name="createUser" time="0.003"/>
  <system-out>
    <![CDATA[createUser]]>
  </system-out>
  <testcase classname="day30.ActiTIME" name="deleteCustomer" time="0.003"/>
  <system-out>
    <![CDATA[deleteUser]]>
  </system-out>
  <testcase classname="day30.ActiTIME" name="editProduct" time="0.001"/>
  <system-out>
    <![CDATA[editProduct]]>
  </system-out>
  <testcase classname="day30.ActiTIME" name="createProduct" time="0.002"/>
  <system-out>
    <![CDATA[createProduct]]>
  </system-out>
  <testcase classname="day30.ActiTIME" name="deleteProduct" time="0.003"/>
  <system-out>
    <![CDATA[deleteProduct]]>
  </system-out>
  <testcase classname="day30.ActiTIME" name="createCustomer" time="0.009"/>
  <system-out>
    <![CDATA[createCustomer]]>
  </system-out>
  <testcase classname="day30.ActiTIME" name="editUser" time="0.001"/>
  <system-out>
    <![CDATA[editUser]]>
  </system-out>
</testsuite> <!-- day30.ActiTIME -->
