<?xml version="1.0" encoding="UTF-8"?>
<!-- Generated by org.testng.reporters.JUnitReportReporter -->
<testsuite hostname="vishal" failures="0" tests="1" name="day30.Sample5" time="0.009" errors="0" timestamp="2023-01-07T21:43:45 IST" skipped="0">
  <testcase classname="day30.Sample5" name="test5" time="0.009"/>
  <system-out>
    <![CDATA[test5]]>
  </system-out>
</testsuite> <!-- day30.Sample5 -->
