<?xml version="1.0" encoding="UTF-8"?>
<!-- Generated by org.testng.reporters.JUnitReportReporter -->
<testsuite hostname="vishal" failures="0" tests="1" name="day30.Sample1" time="0.011" errors="0" timestamp="2023-01-07T21:39:42 IST" skipped="0">
  <testcase classname="day30.Sample1" name="test1" time="0.011"/>
  <system-out>
    <![CDATA[test1]]>
  </system-out>
</testsuite> <!-- day30.Sample1 -->
