<?xml version="1.0" encoding="UTF-8"?>
<!-- Generated by org.testng.reporters.JUnitReportReporter -->
<testsuite hostname="vishal" failures="0" tests="1" name="day31.Demo32" time="0.011" errors="0" timestamp="2023-01-08T09:29:02 IST" skipped="0">
  <testcase classname="day31.Demo32" name="testA" time="0.011"/>
  <system-out>
    <![CDATA[test A]]>
  </system-out>
</testsuite> <!-- day31.Demo32 -->
