<?xml version="1.0" encoding="UTF-8"?>
<!-- Generated by org.testng.reporters.JUnitReportReporter -->
<testsuite hostname="vishal" failures="0" tests="1" name="day29.Demo3" time="0.007" errors="0" timestamp="2023-01-07T20:17:17 IST" skipped="0">
  <testcase classname="day29.Demo3" name="test3" time="0.007"/>
  <system-out>
    <![CDATA[my test3 in html only
my test3 in only html
my test3 in both html & console]]>
  </system-out>
</testsuite> <!-- day29.Demo3 -->
