<?xml version="1.0" encoding="UTF-8"?>
<!-- Generated by org.testng.reporters.JUnitReportReporter -->
<testsuite hostname="vishal" failures="0" tests="1" name="day29.Demo1" time="0.008" errors="0" timestamp="2023-02-03T12:17:08 IST" skipped="0">
  <testcase classname="day29.Demo1" name="test1" time="0.008"/>
  <system-out>
    <![CDATA[my test1 in html only
my test1 in only html
my test1 in both html & console]]>
  </system-out>
</testsuite> <!-- day29.Demo1 -->
