<?xml version="1.0" encoding="UTF-8"?>
<!-- Generated by org.testng.reporters.JUnitReportReporter -->
<testsuite hostname="vishal" failures="0" tests="1" name="day30.Sample3" time="0.008" errors="0" timestamp="2023-01-07T21:41:59 IST" skipped="0">
  <testcase classname="day30.Sample3" name="test3" time="0.008"/>
  <system-out>
    <![CDATA[test3]]>
  </system-out>
</testsuite> <!-- day30.Sample3 -->
