<?xml version="1.0" encoding="UTF-8"?>
<!-- Generated by org.testng.reporters.JUnitReportReporter -->
<testsuite hostname="vishal" failures="0" tests="1" name="day29.Demo7" time="41.150" errors="0" timestamp="2023-01-07T20:46:18 IST" skipped="0">
  <testcase classname="day29.Demo7" name="createUser" time="41.150"/>
  <system-out/>
</testsuite> <!-- day29.Demo7 -->
