<?xml version="1.0" encoding="UTF-8"?>
<!-- Generated by org.testng.reporters.JUnitReportReporter -->
<testsuite hostname="vishal" failures="0" tests="2" name="day28.Demo1" time="0.007" errors="0" timestamp="2023-01-07T19:59:44 IST" skipped="0">
  <testcase classname="day28.Demo1" name="testB" time="0.001"/>
  <system-out/>
  <testcase classname="day28.Demo1" name="test1" time="0.006"/>
  <system-out/>
</testsuite> <!-- day28.Demo1 -->
